<?xml version="1.0" encoding="UTF-8"?>
<testsuite xmlns:xsi="http://www.w3.org/2001/XMLSchema-instance" xsi:noNamespaceSchemaLocation="https://maven.apache.org/surefire/maven-surefire-plugin/xsd/surefire-test-report-3.0.xsd" version="3.0" name="com.rslowik.rsbreweryclient.RsBreweryClientApplicationTests" time="6.264" tests="1" errors="0" skipped="0" failures="0">
  <properties>
[...]
</properties>
  <testcase name="contextLoads" classname="com.rslowik.rsbreweryclient.RsBreweryClientApplicationTests" time="0.64">
    <system-out><![CDATA[11:35:28.623 [main] DEBUG org.springframework.test.context.BootstrapUtils - Instantiating CacheAwareContextLoaderDelegate from class [org.springframework.test.context.cache.DefaultCacheAwareContextLoaderDelegate]
11:35:28.659 [main] DEBUG org.springframework.test.context.BootstrapUtils - Instantiating BootstrapContext using constructor [public org.springframework.test.context.support.DefaultBootstrapContext(java.lang.Class,org.springframework.test.context.CacheAwareContextLoaderDelegate)]
11:35:28.703 [main] DEBUG org.springframework.test.context.BootstrapUtils - Instantiating TestContextBootstrapper for test class [com.rslowik.rsbreweryclient.RsBreweryClientApplicationTests] from class [org.springframework.boot.test.context.SpringBootTestContextBootstrapper]
11:35:28.722 [main] INFO org.springframework.boot.test.context.SpringBootTestContextBootstrapper - Neither @ContextConfiguration nor @ContextHierarchy found for test class [com.rslowik.rsbreweryclient.RsBreweryClientApplicationTests], using SpringBootContextLoader
11:35:28.727 [main] DEBUG org.springframework.test.context.support.AbstractContextLoader - Did not detect default resource location for test class [com.rslowik.rsbreweryclient.RsBreweryClientApplicationTests]: class path resource [com/rslowik/rsbreweryclient/RsBreweryClientApplicationTests-context.xml] does not exist
11:35:28.728 [main] DEBUG org.springframework.test.context.support.AbstractContextLoader - Did not detect default resource location for test class [com.rslowik.rsbreweryclient.RsBreweryClientApplicationTests]: class path resource [com/rslowik/rsbreweryclient/RsBreweryClientApplicationTestsContext.groovy] does not exist
11:35:28.728 [main] INFO org.springframework.test.context.support.AbstractContextLoader - Could not detect default resource locations for test class [com.rslowik.rsbreweryclient.RsBreweryClientApplicationTests]: no resource found for suffixes {-context.xml, Context.groovy}.
11:35:28.729 [main] INFO org.springframework.test.context.support.AnnotationConfigContextLoaderUtils - Could not detect default configuration classes for test class [com.rslowik.rsbreweryclient.RsBreweryClientApplicationTests]: RsBreweryClientApplicationTests does not declare any static, non-private, non-final, nested classes annotated with @Configuration.
11:35:28.790 [main] DEBUG org.springframework.test.context.support.ActiveProfilesUtils - Could not find an 'annotation declaring class' for annotation type [org.springframework.test.context.ActiveProfiles] and class [com.rslowik.rsbreweryclient.RsBreweryClientApplicationTests]
11:35:28.871 [main] DEBUG org.springframework.context.annotation.ClassPathScanningCandidateComponentProvider - Identified candidate component class: file [/Users/rafal/Projects/Microservices/rs-brewery-client/target/classes/com/rslowik/rsbreweryclient/RsBreweryClientApplication.class]
11:35:28.872 [main] INFO org.springframework.boot.test.context.SpringBootTestContextBootstrapper - Found @SpringBootConfiguration com.rslowik.rsbreweryclient.RsBreweryClientApplication for test class com.rslowik.rsbreweryclient.RsBreweryClientApplicationTests
11:35:29.054 [main] DEBUG org.springframework.boot.test.context.SpringBootTestContextBootstrapper - @TestExecutionListeners is not present for class [com.rslowik.rsbreweryclient.RsBreweryClientApplicationTests]: using defaults.
11:35:29.055 [main] INFO org.springframework.boot.test.context.SpringBootTestContextBootstrapper - Loaded default TestExecutionListener class names from location [META-INF/spring.factories]: [org.springframework.boot.test.mock.mockito.MockitoTestExecutionListener, org.springframework.boot.test.mock.mockito.ResetMocksTestExecutionListener, org.springframework.boot.test.autoconfigure.restdocs.RestDocsTestExecutionListener, org.springframework.boot.test.autoconfigure.web.client.MockRestServiceServerResetTestExecutionListener, org.springframework.boot.test.autoconfigure.web.servlet.MockMvcPrintOnlyOnFailureTestExecutionListener, org.springframework.boot.test.autoconfigure.web.servlet.WebDriverTestExecutionListener, org.springframework.boot.test.autoconfigure.webservices.client.MockWebServiceServerTestExecutionListener, org.springframework.test.context.web.ServletTestExecutionListener, org.springframework.test.context.support.DirtiesContextBeforeModesTestExecutionListener, org.springframework.test.context.support.DependencyInjectionTestExecutionListener, org.springframework.test.context.support.DirtiesContextTestExecutionListener, org.springframework.test.context.transaction.TransactionalTestExecutionListener, org.springframework.test.context.jdbc.SqlScriptsTestExecutionListener, org.springframework.test.context.event.EventPublishingTestExecutionListener]
11:35:29.071 [main] DEBUG org.springframework.boot.test.context.SpringBootTestContextBootstrapper - Skipping candidate TestExecutionListener [org.springframework.test.context.transaction.TransactionalTestExecutionListener] due to a missing dependency. Specify custom listener classes or make the default listener classes and their required dependencies available. Offending class: [org/springframework/transaction/interceptor/TransactionAttributeSource]
11:35:29.072 [main] DEBUG org.springframework.boot.test.context.SpringBootTestContextBootstrapper - Skipping candidate TestExecutionListener [org.springframework.test.context.jdbc.SqlScriptsTestExecutionListener] due to a missing dependency. Specify custom listener classes or make the default listener classes and their required dependencies available. Offending class: [org/springframework/transaction/interceptor/TransactionAttribute]
11:35:29.073 [main] INFO org.springframework.boot.test.context.SpringBootTestContextBootstrapper - Using TestExecutionListeners: [org.springframework.test.context.web.ServletTestExecutionListener@1b8a29df, org.springframework.test.context.support.DirtiesContextBeforeModesTestExecutionListener@4fbe37eb, org.springframework.boot.test.mock.mockito.MockitoTestExecutionListener@12a94400, org.springframework.boot.test.autoconfigure.SpringBootDependencyInjectionTestExecutionListener@6a47b187, org.springframework.test.context.support.DirtiesContextTestExecutionListener@2049a9c1, org.springframework.test.context.event.EventPublishingTestExecutionListener@1ef6d34c, org.springframework.boot.test.mock.mockito.ResetMocksTestExecutionListener@46271dd6, org.springframework.boot.test.autoconfigure.restdocs.RestDocsTestExecutionListener@11bb571c, org.springframework.boot.test.autoconfigure.web.client.MockRestServiceServerResetTestExecutionListener@7c51f34b, org.springframework.boot.test.autoconfigure.web.servlet.MockMvcPrintOnlyOnFailureTestExecutionListener@5495333e, org.springframework.boot.test.autoconfigure.web.servlet.WebDriverTestExecutionListener@2a225dd7, org.springframework.boot.test.autoconfigure.webservices.client.MockWebServiceServerTestExecutionListener@61eaec38]
11:35:29.078 [main] DEBUG org.springframework.test.context.support.AbstractDirtiesContextTestExecutionListener - Before test class: context [DefaultTestContext@3eb81efb testClass = RsBreweryClientApplicationTests, testInstance = [null], testMethod = [null], testException = [null], mergedContextConfiguration = [WebMergedContextConfiguration@1ae8bcbc testClass = RsBreweryClientApplicationTests, locations = '{}', classes = '{class com.rslowik.rsbreweryclient.RsBreweryClientApplication}', contextInitializerClasses = '[]', activeProfiles = '{}', propertySourceLocations = '{}', propertySourceProperties = '{org.springframework.boot.test.context.SpringBootTestContextBootstrapper=true}', contextCustomizers = set[org.springframework.boot.test.context.filter.ExcludeFilterContextCustomizer@c03cf28, org.springframework.boot.test.json.DuplicateJsonObjectContextCustomizerFactory$DuplicateJsonObjectContextCustomizer@41c2284a, org.springframework.boot.test.mock.mockito.MockitoContextCustomizer@0, org.springframework.boot.test.web.client.TestRestTemplateContextCustomizer@5136d012, org.springframework.boot.test.autoconfigure.properties.PropertyMappingContextCustomizer@0, org.springframework.boot.test.autoconfigure.web.servlet.WebDriverContextCustomizerFactory$Customizer@34f7cfd9, org.springframework.boot.test.context.SpringBootTestArgs@1], resourceBasePath = 'src/main/webapp', contextLoader = 'org.springframework.boot.test.context.SpringBootContextLoader', parent = [null]], attributes = map['org.springframework.test.context.web.ServletTestExecutionListener.activateListener' -> true]], class annotated with @DirtiesContext [false] with mode [null].
11:35:29.128 [main] DEBUG org.springframework.test.context.support.TestPropertySourceUtils - Adding inlined properties to environment: {spring.jmx.enabled=false, org.springframework.boot.test.context.SpringBootTestContextBootstrapper=true}

  .   ____          _            __ _ _
 /\\ / ___'_ __ _ _(_)_ __  __ _ \ \ \ \
( ( )\___ | '_ | '_| | '_ \/ _` | \ \ \ \
 \\/  ___)| |_)| | | | | || (_| |  ) ) ) )
  '  |____| .__|_| |_|_| |_\__, | / / / /
 =========|_|==============|___/=/_/_/_/
 :: Spring Boot ::        (v2.3.4.RELEASE)

2020-10-08 11:35:29.611  INFO 7228 --- [           main] c.r.r.RsBreweryClientApplicationTests    : Starting RsBreweryClientApplicationTests on Rafals-MacBook-Pro.fritz.box with PID 7228 (started by rafal in /Users/rafal/Projects/Microservices/rs-brewery-client)
2020-10-08 11:35:29.612  INFO 7228 --- [           main] c.r.r.RsBreweryClientApplicationTests    : No active profile set, falling back to default profiles: default
2020-10-08 11:35:32.704  INFO 7228 --- [           main] o.s.s.concurrent.ThreadPoolTaskExecutor  : Initializing ExecutorService 'applicationTaskExecutor'
2020-10-08 11:35:33.784  INFO 7228 --- [           main] o.s.b.a.e.web.EndpointLinksResolver      : Exposing 2 endpoint(s) beneath base path '/actuator'
2020-10-08 11:35:33.895  INFO 7228 --- [           main] c.r.r.RsBreweryClientApplicationTests    : Started RsBreweryClientApplicationTests in 4.754 seconds (JVM running for 6.326)
]]></system-out>
  </testcase>
</testsuite>